Started GET "/" for ::1 at 2023-02-03 17:34:26 +0900
Processing by ApplicationController#hello as HTML
  Rendering html template
  Rendered html template (Duration: 0.0ms | Allocations: 20)
Completed 200 OK in 7ms (Views: 3.1ms | ActiveRecord: 0.0ms | Allocations: 3331)


  [1m[35m (0.5ms)[0m  [1m[35mCREATE TABLE "schema_migrations" ("version" varchar NOT NULL PRIMARY KEY)[0m
  [1m[35m (0.4ms)[0m  [1m[35mCREATE TABLE "ar_internal_metadata" ("key" varchar NOT NULL PRIMARY KEY, "value" varchar, "created_at" datetime(6) NOT NULL, "updated_at" datetime(6) NOT NULL)[0m
  [1m[36mActiveRecord::SchemaMigration Pluck (0.1ms)[0m  [1m[34mSELECT "schema_migrations"."version" FROM "schema_migrations" ORDER BY "schema_migrations"."version" ASC[0m
Migrating to CreateUsers (20230203085812)
  [1m[36mTRANSACTION (0.0ms)[0m  [1m[36mbegin transaction[0m
  [1m[35m (0.2ms)[0m  [1m[35mCREATE TABLE "users" ("id" integer PRIMARY KEY AUTOINCREMENT NOT NULL, "name" varchar, "email" varchar, "created_at" datetime(6) NOT NULL, "updated_at" datetime(6) NOT NULL)[0m
  [1m[36mActiveRecord::SchemaMigration Create (0.1ms)[0m  [1m[32mINSERT INTO "schema_migrations" ("version") VALUES (?)[0m  [["version", "20230203085812"]]
  [1m[36mTRANSACTION (0.4ms)[0m  [1m[36mcommit transaction[0m
  [1m[36mActiveRecord::InternalMetadata Load (0.1ms)[0m  [1m[34mSELECT "ar_internal_metadata".* FROM "ar_internal_metadata" WHERE "ar_internal_metadata"."key" = ? LIMIT ?[0m  [["key", "environment"], ["LIMIT", 1]]
  [1m[36mTRANSACTION (0.0ms)[0m  [1m[36mbegin transaction[0m
  [1m[36mActiveRecord::InternalMetadata Create (0.2ms)[0m  [1m[32mINSERT INTO "ar_internal_metadata" ("key", "value", "created_at", "updated_at") VALUES (?, ?, ?, ?)[0m  [["key", "environment"], ["value", "development"], ["created_at", "2023-02-03 08:58:24.523477"], ["updated_at", "2023-02-03 08:58:24.523477"]]
  [1m[36mTRANSACTION (0.4ms)[0m  [1m[36mcommit transaction[0m
  [1m[36mActiveRecord::SchemaMigration Pluck (0.0ms)[0m  [1m[34mSELECT "schema_migrations"."version" FROM "schema_migrations" ORDER BY "schema_migrations"."version" ASC[0m
Started GET "/" for ::1 at 2023-02-03 17:58:28 +0900
  [1m[36mActiveRecord::SchemaMigration Pluck (0.1ms)[0m  [1m[34mSELECT "schema_migrations"."version" FROM "schema_migrations" ORDER BY "schema_migrations"."version" ASC[0m
Processing by ApplicationController#hello as HTML
  Rendering html template
  Rendered html template (Duration: 0.0ms | Allocations: 11)
Completed 200 OK in 1ms (Views: 0.5ms | ActiveRecord: 0.0ms | Allocations: 580)


Started GET "/" for ::1 at 2023-02-03 17:58:31 +0900
Processing by ApplicationController#hello as HTML
  Rendering html template
  Rendered html template (Duration: 0.0ms | Allocations: 6)
Completed 200 OK in 0ms (Views: 0.2ms | ActiveRecord: 0.0ms | Allocations: 203)


Started GET "/users" for ::1 at 2023-02-03 17:58:49 +0900
Processing by UsersController#index as HTML
  Rendering layout layouts/application.html.erb
  Rendering users/index.html.erb within layouts/application
  [1m[36mUser Load (0.1ms)[0m  [1m[34mSELECT "users".* FROM "users"[0m
  â†³ app/views/users/index.html.erb:6
  Rendered users/index.html.erb within layouts/application (Duration: 3.5ms | Allocations: 1665)
  Rendered layout layouts/application.html.erb (Duration: 593.9ms | Allocations: 71998)
Completed 200 OK in 604ms (Views: 594.7ms | ActiveRecord: 0.1ms | Allocations: 74796)


Started GET "/users/new" for ::1 at 2023-02-03 17:58:58 +0900
Processing by UsersController#new as HTML
  Rendering layout layouts/application.html.erb
  Rendering users/new.html.erb within layouts/application
  Rendered users/_form.html.erb (Duration: 8.9ms | Allocations: 4697)
  Rendered users/new.html.erb within layouts/application (Duration: 9.3ms | Allocations: 5049)
  Rendered layout layouts/application.html.erb (Duration: 10.3ms | Allocations: 6170)
Completed 200 OK in 22ms (Views: 10.6ms | ActiveRecord: 0.6ms | Allocations: 12571)


Started POST "/users" for ::1 at 2023-02-03 17:59:50 +0900
Processing by UsersController#create as HTML
  Parameters: {"authenticity_token"=>"[FILTERED]", "user"=>{"name"=>"Taketo Wakabayashi", "email"=>"taketo.wakabayashi@gmail.com"}, "commit"=>"Create User"}
  [1m[36mTRANSACTION (0.0ms)[0m  [1m[36mbegin transaction[0m
  â†³ app/controllers/users_controller.rb:27:in `block in create'
  [1m[36mUser Create (0.3ms)[0m  [1m[32mINSERT INTO "users" ("name", "email", "created_at", "updated_at") VALUES (?, ?, ?, ?)[0m  [["name", "Taketo Wakabayashi"], ["email", "taketo.wakabayashi@gmail.com"], ["created_at", "2023-02-03 08:59:50.702297"], ["updated_at", "2023-02-03 08:59:50.702297"]]
  â†³ app/controllers/users_controller.rb:27:in `block in create'
  [1m[36mTRANSACTION (0.3ms)[0m  [1m[36mcommit transaction[0m
  â†³ app/controllers/users_controller.rb:27:in `block in create'
Redirected to http://[::1]:3000/users/1
Completed 302 Found in 3ms (ActiveRecord: 0.6ms | Allocations: 3678)


Started GET "/users/1" for ::1 at 2023-02-03 17:59:50 +0900
Processing by UsersController#show as HTML
  Parameters: {"id"=>"1"}
  [1m[36mUser Load (0.1ms)[0m  [1m[34mSELECT "users".* FROM "users" WHERE "users"."id" = ? LIMIT ?[0m  [["id", 1], ["LIMIT", 1]]
  â†³ app/controllers/users_controller.rb:63:in `set_user'
  Rendering layout layouts/application.html.erb
  Rendering users/show.html.erb within layouts/application
  Rendered users/_user.html.erb (Duration: 0.3ms | Allocations: 223)
  Rendered users/show.html.erb within layouts/application (Duration: 2.2ms | Allocations: 1532)
  Rendered layout layouts/application.html.erb (Duration: 3.0ms | Allocations: 2631)
Completed 200 OK in 5ms (Views: 3.2ms | ActiveRecord: 0.1ms | Allocations: 5367)


Started GET "/users/1/edit" for ::1 at 2023-02-03 17:59:57 +0900
Processing by UsersController#edit as HTML
  Parameters: {"id"=>"1"}
  [1m[36mUser Load (0.2ms)[0m  [1m[34mSELECT "users".* FROM "users" WHERE "users"."id" = ? LIMIT ?[0m  [["id", 1], ["LIMIT", 1]]
  â†³ app/controllers/users_controller.rb:63:in `set_user'
  Rendering layout layouts/application.html.erb
  Rendering users/edit.html.erb within layouts/application
  Rendered users/_form.html.erb (Duration: 1.6ms | Allocations: 1198)
  Rendered users/edit.html.erb within layouts/application (Duration: 3.1ms | Allocations: 1472)
  Rendered layout layouts/application.html.erb (Duration: 4.1ms | Allocations: 2464)
Completed 200 OK in 8ms (Views: 4.5ms | ActiveRecord: 0.2ms | Allocations: 3326)


Started PATCH "/users/1" for ::1 at 2023-02-03 18:00:05 +0900
Processing by UsersController#update as HTML
  Parameters: {"authenticity_token"=>"[FILTERED]", "user"=>{"name"=>"Taketo Wakabayashi", "email"=>"taketo.wakabayashi@gmail.com"}, "commit"=>"Update User", "id"=>"1"}
  [1m[36mUser Load (0.2ms)[0m  [1m[34mSELECT "users".* FROM "users" WHERE "users"."id" = ? LIMIT ?[0m  [["id", 1], ["LIMIT", 1]]
  â†³ app/controllers/users_controller.rb:63:in `set_user'
Redirected to http://[::1]:3000/users/1
Completed 302 Found in 4ms (ActiveRecord: 0.2ms | Allocations: 1227)


Started GET "/users/1" for ::1 at 2023-02-03 18:00:05 +0900
Processing by UsersController#show as HTML
  Parameters: {"id"=>"1"}
  [1m[36mUser Load (0.1ms)[0m  [1m[34mSELECT "users".* FROM "users" WHERE "users"."id" = ? LIMIT ?[0m  [["id", 1], ["LIMIT", 1]]
  â†³ app/controllers/users_controller.rb:63:in `set_user'
  Rendering layout layouts/application.html.erb
  Rendering users/show.html.erb within layouts/application
  Rendered users/_user.html.erb (Duration: 0.0ms | Allocations: 20)
  Rendered users/show.html.erb within layouts/application (Duration: 0.5ms | Allocations: 574)
  Rendered layout layouts/application.html.erb (Duration: 1.3ms | Allocations: 1566)
Completed 200 OK in 2ms (Views: 1.5ms | ActiveRecord: 0.1ms | Allocations: 2290)


Started GET "/users" for ::1 at 2023-02-03 18:00:07 +0900
Processing by UsersController#index as HTML
  Rendering layout layouts/application.html.erb
  Rendering users/index.html.erb within layouts/application
  [1m[36mUser Load (0.2ms)[0m  [1m[34mSELECT "users".* FROM "users"[0m
  â†³ app/views/users/index.html.erb:6
  Rendered users/_user.html.erb (Duration: 0.1ms | Allocations: 20)
  Rendered users/index.html.erb within layouts/application (Duration: 2.2ms | Allocations: 917)
  Rendered layout layouts/application.html.erb (Duration: 3.3ms | Allocations: 1916)
Completed 200 OK in 4ms (Views: 3.5ms | ActiveRecord: 0.2ms | Allocations: 2177)


Started GET "/users/new" for ::1 at 2023-02-03 18:00:30 +0900
Processing by UsersController#new as HTML
  Rendering layout layouts/application.html.erb
  Rendering users/new.html.erb within layouts/application
  Rendered users/_form.html.erb (Duration: 2.6ms | Allocations: 999)
  Rendered users/new.html.erb within layouts/application (Duration: 2.9ms | Allocations: 1086)
  Rendered layout layouts/application.html.erb (Duration: 5.5ms | Allocations: 2085)
Completed 200 OK in 7ms (Views: 6.1ms | ActiveRecord: 0.0ms | Allocations: 2357)


Started POST "/users" for ::1 at 2023-02-03 18:00:46 +0900
Processing by UsersController#create as HTML
  Parameters: {"authenticity_token"=>"[FILTERED]", "user"=>{"name"=>"Ai Wakabayashi", "email"=>"ai.wakabayashi12@gmail.com"}, "commit"=>"Create User"}
  [1m[36mTRANSACTION (0.1ms)[0m  [1m[36mbegin transaction[0m
  â†³ app/controllers/users_controller.rb:27:in `block in create'
  [1m[36mUser Create (1.1ms)[0m  [1m[32mINSERT INTO "users" ("name", "email", "created_at", "updated_at") VALUES (?, ?, ?, ?)[0m  [["name", "Ai Wakabayashi"], ["email", "ai.wakabayashi12@gmail.com"], ["created_at", "2023-02-03 09:00:46.129845"], ["updated_at", "2023-02-03 09:00:46.129845"]]
  â†³ app/controllers/users_controller.rb:27:in `block in create'
  [1m[36mTRANSACTION (1.6ms)[0m  [1m[36mcommit transaction[0m
  â†³ app/controllers/users_controller.rb:27:in `block in create'
Redirected to http://[::1]:3000/users/2
Completed 302 Found in 10ms (ActiveRecord: 2.8ms | Allocations: 2204)


Started GET "/users/2" for ::1 at 2023-02-03 18:00:46 +0900
Processing by UsersController#show as HTML
  Parameters: {"id"=>"2"}
  [1m[36mUser Load (0.1ms)[0m  [1m[34mSELECT "users".* FROM "users" WHERE "users"."id" = ? LIMIT ?[0m  [["id", 2], ["LIMIT", 1]]
  â†³ app/controllers/users_controller.rb:63:in `set_user'
  Rendering layout layouts/application.html.erb
  Rendering users/show.html.erb within layouts/application
  Rendered users/_user.html.erb (Duration: 0.0ms | Allocations: 20)
  Rendered users/show.html.erb within layouts/application (Duration: 0.5ms | Allocations: 594)
  Rendered layout layouts/application.html.erb (Duration: 1.2ms | Allocations: 1585)
Completed 200 OK in 2ms (Views: 1.4ms | ActiveRecord: 0.1ms | Allocations: 2305)


Started GET "/users" for ::1 at 2023-02-03 18:00:49 +0900
Processing by UsersController#index as HTML
  Rendering layout layouts/application.html.erb
  Rendering users/index.html.erb within layouts/application
  [1m[36mUser Load (0.2ms)[0m  [1m[34mSELECT "users".* FROM "users"[0m
  â†³ app/views/users/index.html.erb:6
  Rendered users/_user.html.erb (Duration: 0.1ms | Allocations: 20)
  Rendered users/_user.html.erb (Duration: 0.1ms | Allocations: 19)
  Rendered users/index.html.erb within layouts/application (Duration: 2.7ms | Allocations: 1014)
  Rendered layout layouts/application.html.erb (Duration: 4.8ms | Allocations: 2013)
Completed 200 OK in 6ms (Views: 5.2ms | ActiveRecord: 0.2ms | Allocations: 2272)


Started GET "/users/2" for ::1 at 2023-02-03 18:00:50 +0900
Processing by UsersController#show as HTML
  Parameters: {"id"=>"2"}
  [1m[36mUser Load (0.2ms)[0m  [1m[34mSELECT "users".* FROM "users" WHERE "users"."id" = ? LIMIT ?[0m  [["id", 2], ["LIMIT", 1]]
  â†³ app/controllers/users_controller.rb:63:in `set_user'
  Rendering layout layouts/application.html.erb
  Rendering users/show.html.erb within layouts/application
  Rendered users/_user.html.erb (Duration: 0.1ms | Allocations: 20)
  Rendered users/show.html.erb within layouts/application (Duration: 1.1ms | Allocations: 555)
  Rendered layout layouts/application.html.erb (Duration: 2.8ms | Allocations: 1546)
Completed 200 OK in 5ms (Views: 3.2ms | ActiveRecord: 0.2ms | Allocations: 2266)


Started DELETE "/users/2" for ::1 at 2023-02-03 18:00:52 +0900
Processing by UsersController#destroy as HTML
  Parameters: {"authenticity_token"=>"[FILTERED]", "id"=>"2"}
  [1m[36mUser Load (0.1ms)[0m  [1m[34mSELECT "users".* FROM "users" WHERE "users"."id" = ? LIMIT ?[0m  [["id", 2], ["LIMIT", 1]]
  â†³ app/controllers/users_controller.rb:63:in `set_user'
  [1m[36mTRANSACTION (0.0ms)[0m  [1m[36mbegin transaction[0m
  â†³ app/controllers/users_controller.rb:52:in `destroy'
  [1m[36mUser Destroy (0.2ms)[0m  [1m[31mDELETE FROM "users" WHERE "users"."id" = ?[0m  [["id", 2]]
  â†³ app/controllers/users_controller.rb:52:in `destroy'
  [1m[36mTRANSACTION (0.4ms)[0m  [1m[36mcommit transaction[0m
  â†³ app/controllers/users_controller.rb:52:in `destroy'
Redirected to http://[::1]:3000/users
Completed 302 Found in 2ms (ActiveRecord: 0.6ms | Allocations: 2432)


Started GET "/users" for ::1 at 2023-02-03 18:00:52 +0900
Processing by UsersController#index as HTML
  Rendering layout layouts/application.html.erb
  Rendering users/index.html.erb within layouts/application
  [1m[36mUser Load (0.1ms)[0m  [1m[34mSELECT "users".* FROM "users"[0m
  â†³ app/views/users/index.html.erb:6
  Rendered users/_user.html.erb (Duration: 0.0ms | Allocations: 20)
  Rendered users/index.html.erb within layouts/application (Duration: 0.8ms | Allocations: 896)
  Rendered layout layouts/application.html.erb (Duration: 1.7ms | Allocations: 1895)
Completed 200 OK in 2ms (Views: 1.8ms | ActiveRecord: 0.1ms | Allocations: 2154)


Started GET "/users/new" for ::1 at 2023-02-03 18:01:06 +0900
Processing by UsersController#new as HTML
  Rendering layout layouts/application.html.erb
  Rendering users/new.html.erb within layouts/application
  Rendered users/_form.html.erb (Duration: 2.0ms | Allocations: 978)
  Rendered users/new.html.erb within layouts/application (Duration: 2.3ms | Allocations: 1065)
  Rendered layout layouts/application.html.erb (Duration: 4.8ms | Allocations: 2064)
Completed 200 OK in 6ms (Views: 5.4ms | ActiveRecord: 0.0ms | Allocations: 2325)


Started POST "/users" for ::1 at 2023-02-03 18:01:09 +0900
Processing by UsersController#create as HTML
  Parameters: {"authenticity_token"=>"[FILTERED]", "user"=>{"name"=>"afsdfasd", "email"=>""}, "commit"=>"Create User"}
  [1m[36mTRANSACTION (0.1ms)[0m  [1m[36mbegin transaction[0m
  â†³ app/controllers/users_controller.rb:27:in `block in create'
  [1m[36mUser Create (0.6ms)[0m  [1m[32mINSERT INTO "users" ("name", "email", "created_at", "updated_at") VALUES (?, ?, ?, ?)[0m  [["name", "afsdfasd"], ["email", ""], ["created_at", "2023-02-03 09:01:09.585753"], ["updated_at", "2023-02-03 09:01:09.585753"]]
  â†³ app/controllers/users_controller.rb:27:in `block in create'
  [1m[36mTRANSACTION (0.4ms)[0m  [1m[36mcommit transaction[0m
  â†³ app/controllers/users_controller.rb:27:in `block in create'
Redirected to http://[::1]:3000/users/3
Completed 302 Found in 8ms (ActiveRecord: 1.1ms | Allocations: 2177)


Started GET "/users/3" for ::1 at 2023-02-03 18:01:09 +0900
Processing by UsersController#show as HTML
  Parameters: {"id"=>"3"}
  [1m[36mUser Load (0.1ms)[0m  [1m[34mSELECT "users".* FROM "users" WHERE "users"."id" = ? LIMIT ?[0m  [["id", 3], ["LIMIT", 1]]
  â†³ app/controllers/users_controller.rb:63:in `set_user'
  Rendering layout layouts/application.html.erb
  Rendering users/show.html.erb within layouts/application
  Rendered users/_user.html.erb (Duration: 0.0ms | Allocations: 19)
  Rendered users/show.html.erb within layouts/application (Duration: 1.8ms | Allocations: 590)
  Rendered layout layouts/application.html.erb (Duration: 5.0ms | Allocations: 1581)
Completed 200 OK in 8ms (Views: 5.2ms | ActiveRecord: 0.1ms | Allocations: 2301)


Started GET "/users" for ::1 at 2023-02-03 18:01:11 +0900
Processing by UsersController#index as HTML
  Rendering layout layouts/application.html.erb
  Rendering users/index.html.erb within layouts/application
  [1m[36mUser Load (0.1ms)[0m  [1m[34mSELECT "users".* FROM "users"[0m
  â†³ app/views/users/index.html.erb:6
  Rendered users/_user.html.erb (Duration: 0.0ms | Allocations: 20)
  Rendered users/_user.html.erb (Duration: 1.3ms | Allocations: 18)
  Rendered users/index.html.erb within layouts/application (Duration: 3.7ms | Allocations: 1001)
  Rendered layout layouts/application.html.erb (Duration: 5.9ms | Allocations: 2000)
Completed 200 OK in 6ms (Views: 6.0ms | ActiveRecord: 0.1ms | Allocations: 2259)


Started GET "/users/new" for ::1 at 2023-02-03 18:01:13 +0900
Processing by UsersController#new as HTML
  Rendering layout layouts/application.html.erb
  Rendering users/new.html.erb within layouts/application
  Rendered users/_form.html.erb (Duration: 0.8ms | Allocations: 984)
  Rendered users/new.html.erb within layouts/application (Duration: 0.8ms | Allocations: 1071)
  Rendered layout layouts/application.html.erb (Duration: 1.8ms | Allocations: 2076)
Completed 200 OK in 2ms (Views: 2.0ms | ActiveRecord: 0.0ms | Allocations: 2339)


Started POST "/users" for ::1 at 2023-02-03 18:01:26 +0900
Processing by UsersController#create as HTML
  Parameters: {"authenticity_token"=>"[FILTERED]", "user"=>{"name"=>"sadfasdf", "email"=>"@example.com"}, "commit"=>"Create User"}
  [1m[36mTRANSACTION (0.1ms)[0m  [1m[36mbegin transaction[0m
  â†³ app/controllers/users_controller.rb:27:in `block in create'
  [1m[36mUser Create (0.6ms)[0m  [1m[32mINSERT INTO "users" ("name", "email", "created_at", "updated_at") VALUES (?, ?, ?, ?)[0m  [["name", "sadfasdf"], ["email", "@example.com"], ["created_at", "2023-02-03 09:01:26.876203"], ["updated_at", "2023-02-03 09:01:26.876203"]]
  â†³ app/controllers/users_controller.rb:27:in `block in create'
  [1m[36mTRANSACTION (1.2ms)[0m  [1m[36mcommit transaction[0m
  â†³ app/controllers/users_controller.rb:27:in `block in create'
Redirected to http://[::1]:3000/users/4
Completed 302 Found in 9ms (ActiveRecord: 1.9ms | Allocations: 2156)


Started GET "/users/4" for ::1 at 2023-02-03 18:01:26 +0900
Processing by UsersController#show as HTML
  Parameters: {"id"=>"4"}
  [1m[36mUser Load (0.1ms)[0m  [1m[34mSELECT "users".* FROM "users" WHERE "users"."id" = ? LIMIT ?[0m  [["id", 4], ["LIMIT", 1]]
  â†³ app/controllers/users_controller.rb:63:in `set_user'
  Rendering layout layouts/application.html.erb
  Rendering users/show.html.erb within layouts/application
  Rendered users/_user.html.erb (Duration: 0.0ms | Allocations: 19)
  Rendered users/show.html.erb within layouts/application (Duration: 0.6ms | Allocations: 570)
  Rendered layout layouts/application.html.erb (Duration: 1.4ms | Allocations: 1565)
Completed 200 OK in 2ms (Views: 1.6ms | ActiveRecord: 0.1ms | Allocations: 2286)


Started GET "/users" for ::1 at 2023-02-03 18:01:28 +0900
Processing by UsersController#index as HTML
  Rendering layout layouts/application.html.erb
  Rendering users/index.html.erb within layouts/application
  [1m[36mUser Load (0.2ms)[0m  [1m[34mSELECT "users".* FROM "users"[0m
  â†³ app/views/users/index.html.erb:6
  Rendered users/_user.html.erb (Duration: 0.1ms | Allocations: 20)
  Rendered users/_user.html.erb (Duration: 0.0ms | Allocations: 18)
  Rendered users/_user.html.erb (Duration: 0.0ms | Allocations: 18)
  Rendered users/index.html.erb within layouts/application (Duration: 3.2ms | Allocations: 1169)
  Rendered layout layouts/application.html.erb (Duration: 5.9ms | Allocations: 2170)
Completed 200 OK in 7ms (Views: 6.2ms | ActiveRecord: 0.2ms | Allocations: 2429)


Started GET "/users/3" for ::1 at 2023-02-03 18:01:34 +0900
Processing by UsersController#show as HTML
  Parameters: {"id"=>"3"}
  [1m[36mUser Load (0.2ms)[0m  [1m[34mSELECT "users".* FROM "users" WHERE "users"."id" = ? LIMIT ?[0m  [["id", 3], ["LIMIT", 1]]
  â†³ app/controllers/users_controller.rb:63:in `set_user'
  Rendering layout layouts/application.html.erb
  Rendering users/show.html.erb within layouts/application
  Rendered users/_user.html.erb (Duration: 0.1ms | Allocations: 19)
  Rendered users/show.html.erb within layouts/application (Duration: 1.6ms | Allocations: 569)
  Rendered layout layouts/application.html.erb (Duration: 2.9ms | Allocations: 1560)
Completed 200 OK in 7ms (Views: 3.4ms | ActiveRecord: 0.2ms | Allocations: 2280)


Started DELETE "/users/3" for ::1 at 2023-02-03 18:01:35 +0900
Processing by UsersController#destroy as HTML
  Parameters: {"authenticity_token"=>"[FILTERED]", "id"=>"3"}
  [1m[36mUser Load (0.1ms)[0m  [1m[34mSELECT "users".* FROM "users" WHERE "users"."id" = ? LIMIT ?[0m  [["id", 3], ["LIMIT", 1]]
  â†³ app/controllers/users_controller.rb:63:in `set_user'
  [1m[36mTRANSACTION (0.0ms)[0m  [1m[36mbegin transaction[0m
  â†³ app/controllers/users_controller.rb:52:in `destroy'
  [1m[36mUser Destroy (0.2ms)[0m  [1m[31mDELETE FROM "users" WHERE "users"."id" = ?[0m  [["id", 3]]
  â†³ app/controllers/users_controller.rb:52:in `destroy'
  [1m[36mTRANSACTION (0.5ms)[0m  [1m[36mcommit transaction[0m
  â†³ app/controllers/users_controller.rb:52:in `destroy'
Redirected to http://[::1]:3000/users
Completed 302 Found in 3ms (ActiveRecord: 0.7ms | Allocations: 2332)


Started GET "/users" for ::1 at 2023-02-03 18:01:35 +0900
Processing by UsersController#index as HTML
  Rendering layout layouts/application.html.erb
  Rendering users/index.html.erb within layouts/application
  [1m[36mUser Load (0.1ms)[0m  [1m[34mSELECT "users".* FROM "users"[0m
  â†³ app/views/users/index.html.erb:6
  Rendered users/_user.html.erb (Duration: 0.0ms | Allocations: 20)
  Rendered users/_user.html.erb (Duration: 0.0ms | Allocations: 18)
  Rendered users/index.html.erb within layouts/application (Duration: 0.8ms | Allocations: 1016)
  Rendered layout layouts/application.html.erb (Duration: 1.7ms | Allocations: 2019)
Completed 200 OK in 2ms (Views: 1.8ms | ActiveRecord: 0.1ms | Allocations: 2280)


Started GET "/users/4" for ::1 at 2023-02-03 18:01:37 +0900
Processing by UsersController#show as HTML
  Parameters: {"id"=>"4"}
  [1m[36mUser Load (0.2ms)[0m  [1m[34mSELECT "users".* FROM "users" WHERE "users"."id" = ? LIMIT ?[0m  [["id", 4], ["LIMIT", 1]]
  â†³ app/controllers/users_controller.rb:63:in `set_user'
  Rendering layout layouts/application.html.erb
  Rendering users/show.html.erb within layouts/application
  Rendered users/_user.html.erb (Duration: 0.2ms | Allocations: 19)
  Rendered users/show.html.erb within layouts/application (Duration: 1.4ms | Allocations: 560)
  Rendered layout layouts/application.html.erb (Duration: 4.3ms | Allocations: 1551)
Completed 200 OK in 7ms (Views: 4.8ms | ActiveRecord: 0.2ms | Allocations: 2271)


Started DELETE "/users/4" for ::1 at 2023-02-03 18:01:38 +0900
Processing by UsersController#destroy as HTML
  Parameters: {"authenticity_token"=>"[FILTERED]", "id"=>"4"}
  [1m[36mUser Load (0.2ms)[0m  [1m[34mSELECT "users".* FROM "users" WHERE "users"."id" = ? LIMIT ?[0m  [["id", 4], ["LIMIT", 1]]
  â†³ app/controllers/users_controller.rb:63:in `set_user'
  [1m[36mTRANSACTION (0.1ms)[0m  [1m[36mbegin transaction[0m
  â†³ app/controllers/users_controller.rb:52:in `destroy'
  [1m[36mUser Destroy (0.8ms)[0m  [1m[31mDELETE FROM "users" WHERE "users"."id" = ?[0m  [["id", 4]]
  â†³ app/controllers/users_controller.rb:52:in `destroy'
  [1m[36mTRANSACTION (0.7ms)[0m  [1m[36mcommit transaction[0m
  â†³ app/controllers/users_controller.rb:52:in `destroy'
Redirected to http://[::1]:3000/users
Completed 302 Found in 10ms (ActiveRecord: 1.8ms | Allocations: 2349)


Started GET "/users" for ::1 at 2023-02-03 18:01:38 +0900
Processing by UsersController#index as HTML
  Rendering layout layouts/application.html.erb
  Rendering users/index.html.erb within layouts/application
  [1m[36mUser Load (0.1ms)[0m  [1m[34mSELECT "users".* FROM "users"[0m
  â†³ app/views/users/index.html.erb:6
  Rendered users/_user.html.erb (Duration: 0.0ms | Allocations: 20)
  Rendered users/index.html.erb within layouts/application (Duration: 1.0ms | Allocations: 887)
  Rendered layout layouts/application.html.erb (Duration: 1.8ms | Allocations: 1886)
Completed 200 OK in 2ms (Views: 1.9ms | ActiveRecord: 0.1ms | Allocations: 2145)


Started GET "/" for ::1 at 2023-02-03 18:05:32 +0900
Processing by UsersController#index as HTML
  Rendering layout layouts/application.html.erb
  Rendering users/index.html.erb within layouts/application
  [1m[36mUser Load (0.0ms)[0m  [1m[34mSELECT "users".* FROM "users"[0m
  â†³ app/views/users/index.html.erb:6
  Rendered users/_user.html.erb (Duration: 0.0ms | Allocations: 43)
  Rendered users/index.html.erb within layouts/application (Duration: 2.5ms | Allocations: 2985)
  Rendered layout layouts/application.html.erb (Duration: 3.4ms | Allocations: 4173)
Completed 200 OK in 5ms (Views: 3.8ms | ActiveRecord: 0.4ms | Allocations: 5512)


  [1m[36mActiveRecord::SchemaMigration Pluck (0.1ms)[0m  [1m[34mSELECT "schema_migrations"."version" FROM "schema_migrations" ORDER BY "schema_migrations"."version" ASC[0m
Migrating to CreateMicroposts (20230203090554)
  [1m[36mTRANSACTION (0.0ms)[0m  [1m[36mbegin transaction[0m
  [1m[35m (0.2ms)[0m  [1m[35mCREATE TABLE "microposts" ("id" integer PRIMARY KEY AUTOINCREMENT NOT NULL, "content" text, "user_id" integer, "created_at" datetime(6) NOT NULL, "updated_at" datetime(6) NOT NULL)[0m
  [1m[36mActiveRecord::SchemaMigration Create (0.1ms)[0m  [1m[32mINSERT INTO "schema_migrations" ("version") VALUES (?)[0m  [["version", "20230203090554"]]
  [1m[36mTRANSACTION (0.4ms)[0m  [1m[36mcommit transaction[0m
  [1m[36mActiveRecord::InternalMetadata Load (0.1ms)[0m  [1m[34mSELECT "ar_internal_metadata".* FROM "ar_internal_metadata" WHERE "ar_internal_metadata"."key" = ? LIMIT ?[0m  [["key", "environment"], ["LIMIT", 1]]
  [1m[36mActiveRecord::SchemaMigration Pluck (0.0ms)[0m  [1m[34mSELECT "schema_migrations"."version" FROM "schema_migrations" ORDER BY "schema_migrations"."version" ASC[0m
Started GET "/" for ::1 at 2023-02-03 18:06:04 +0900
  [1m[36mActiveRecord::SchemaMigration Pluck (0.0ms)[0m  [1m[34mSELECT "schema_migrations"."version" FROM "schema_migrations" ORDER BY "schema_migrations"."version" ASC[0m
Processing by UsersController#index as HTML
  Rendering layout layouts/application.html.erb
  Rendering users/index.html.erb within layouts/application
  [1m[36mUser Load (0.1ms)[0m  [1m[34mSELECT "users".* FROM "users"[0m
  â†³ app/views/users/index.html.erb:6
  Rendered users/_user.html.erb (Duration: 0.2ms | Allocations: 186)
  Rendered users/index.html.erb within layouts/application (Duration: 3.0ms | Allocations: 3245)
  Rendered layout layouts/application.html.erb (Duration: 4.2ms | Allocations: 4607)
Completed 200 OK in 6ms (Views: 4.6ms | ActiveRecord: 0.3ms | Allocations: 6308)


Started GET "/" for ::1 at 2023-02-03 18:06:05 +0900
Processing by UsersController#index as HTML
  Rendering layout layouts/application.html.erb
  Rendering users/index.html.erb within layouts/application
  [1m[36mUser Load (0.1ms)[0m  [1m[34mSELECT "users".* FROM "users"[0m
  â†³ app/views/users/index.html.erb:6
  Rendered users/_user.html.erb (Duration: 0.0ms | Allocations: 20)
  Rendered users/index.html.erb within layouts/application (Duration: 2.4ms | Allocations: 897)
  Rendered layout layouts/application.html.erb (Duration: 3.3ms | Allocations: 1898)
Completed 200 OK in 4ms (Views: 3.4ms | ActiveRecord: 0.1ms | Allocations: 2180)


Started GET "/microposts" for ::1 at 2023-02-03 18:06:33 +0900
Processing by MicropostsController#index as HTML
  Rendering layout layouts/application.html.erb
  Rendering microposts/index.html.erb within layouts/application
  [1m[36mMicropost Load (0.0ms)[0m  [1m[34mSELECT "microposts".* FROM "microposts"[0m
  â†³ app/views/microposts/index.html.erb:6
  Rendered microposts/index.html.erb within layouts/application (Duration: 1.3ms | Allocations: 1391)
  Rendered layout layouts/application.html.erb (Duration: 2.1ms | Allocations: 2590)
Completed 200 OK in 4ms (Views: 2.8ms | ActiveRecord: 0.3ms | Allocations: 4111)


Started GET "/microposts/new" for ::1 at 2023-02-03 18:06:43 +0900
Processing by MicropostsController#new as HTML
  Rendering layout layouts/application.html.erb
  Rendering microposts/new.html.erb within layouts/application
  Rendered microposts/_form.html.erb (Duration: 8.9ms | Allocations: 4193)
  Rendered microposts/new.html.erb within layouts/application (Duration: 9.5ms | Allocations: 4498)
  Rendered layout layouts/application.html.erb (Duration: 10.3ms | Allocations: 5611)
Completed 200 OK in 16ms (Views: 10.6ms | ActiveRecord: 0.9ms | Allocations: 8627)


Started POST "/microposts" for ::1 at 2023-02-03 18:06:58 +0900
Processing by MicropostsController#create as HTML
  Parameters: {"authenticity_token"=>"[FILTERED]", "micropost"=>{"content"=>"tesatset", "user_id"=>"1"}, "commit"=>"Create Micropost"}
  [1m[36mTRANSACTION (0.1ms)[0m  [1m[36mbegin transaction[0m
  â†³ app/controllers/microposts_controller.rb:27:in `block in create'
  [1m[36mMicropost Create (0.6ms)[0m  [1m[32mINSERT INTO "microposts" ("content", "user_id", "created_at", "updated_at") VALUES (?, ?, ?, ?)[0m  [["content", "tesatset"], ["user_id", 1], ["created_at", "2023-02-03 09:06:58.835983"], ["updated_at", "2023-02-03 09:06:58.835983"]]
  â†³ app/controllers/microposts_controller.rb:27:in `block in create'
  [1m[36mTRANSACTION (0.9ms)[0m  [1m[36mcommit transaction[0m
  â†³ app/controllers/microposts_controller.rb:27:in `block in create'
Redirected to http://[::1]:3000/microposts/1
Completed 302 Found in 9ms (ActiveRecord: 1.7ms | Allocations: 2452)


Started GET "/microposts/1" for ::1 at 2023-02-03 18:06:58 +0900
Processing by MicropostsController#show as HTML
  Parameters: {"id"=>"1"}
  [1m[36mMicropost Load (0.1ms)[0m  [1m[34mSELECT "microposts".* FROM "microposts" WHERE "microposts"."id" = ? LIMIT ?[0m  [["id", 1], ["LIMIT", 1]]
  â†³ app/controllers/microposts_controller.rb:63:in `set_micropost'
  Rendering layout layouts/application.html.erb
  Rendering microposts/show.html.erb within layouts/application
  Rendered microposts/_micropost.html.erb (Duration: 0.2ms | Allocations: 173)
  Rendered microposts/show.html.erb within layouts/application (Duration: 1.5ms | Allocations: 1103)
  Rendered layout layouts/application.html.erb (Duration: 2.2ms | Allocations: 2095)
Completed 200 OK in 4ms (Views: 2.4ms | ActiveRecord: 0.1ms | Allocations: 3620)


Started DELETE "/microposts/1" for ::1 at 2023-02-03 18:07:03 +0900
Processing by MicropostsController#destroy as HTML
  Parameters: {"authenticity_token"=>"[FILTERED]", "id"=>"1"}
  [1m[36mMicropost Load (0.4ms)[0m  [1m[34mSELECT "microposts".* FROM "microposts" WHERE "microposts"."id" = ? LIMIT ?[0m  [["id", 1], ["LIMIT", 1]]
  â†³ app/controllers/microposts_controller.rb:63:in `set_micropost'
  [1m[36mTRANSACTION (0.1ms)[0m  [1m[36mbegin transaction[0m
  â†³ app/controllers/microposts_controller.rb:52:in `destroy'
  [1m[36mMicropost Destroy (0.3ms)[0m  [1m[31mDELETE FROM "microposts" WHERE "microposts"."id" = ?[0m  [["id", 1]]
  â†³ app/controllers/microposts_controller.rb:52:in `destroy'
  [1m[36mTRANSACTION (0.5ms)[0m  [1m[36mcommit transaction[0m
  â†³ app/controllers/microposts_controller.rb:52:in `destroy'
Redirected to http://[::1]:3000/microposts
Completed 302 Found in 5ms (ActiveRecord: 1.2ms | Allocations: 2358)


Started GET "/microposts" for ::1 at 2023-02-03 18:07:03 +0900
Processing by MicropostsController#index as HTML
  Rendering layout layouts/application.html.erb
  Rendering microposts/index.html.erb within layouts/application
  [1m[36mMicropost Load (0.1ms)[0m  [1m[34mSELECT "microposts".* FROM "microposts"[0m
  â†³ app/views/microposts/index.html.erb:6
  Rendered microposts/index.html.erb within layouts/application (Duration: 0.6ms | Allocations: 789)
  Rendered layout layouts/application.html.erb (Duration: 1.5ms | Allocations: 1788)
Completed 200 OK in 2ms (Views: 1.6ms | ActiveRecord: 0.1ms | Allocations: 2048)


Started GET "/microposts/new" for ::1 at 2023-02-03 18:07:04 +0900
Processing by MicropostsController#new as HTML
  Rendering layout layouts/application.html.erb
  Rendering microposts/new.html.erb within layouts/application
  Rendered microposts/_form.html.erb (Duration: 0.8ms | Allocations: 1016)
  Rendered microposts/new.html.erb within layouts/application (Duration: 0.9ms | Allocations: 1104)
  Rendered layout layouts/application.html.erb (Duration: 1.7ms | Allocations: 2103)
Completed 200 OK in 2ms (Views: 1.9ms | ActiveRecord: 0.0ms | Allocations: 2365)


Started POST "/microposts" for ::1 at 2023-02-03 18:07:08 +0900
Processing by MicropostsController#create as HTML
  Parameters: {"authenticity_token"=>"[FILTERED]", "micropost"=>{"content"=>"dfasdf", "user_id"=>"-1"}, "commit"=>"Create Micropost"}
  [1m[36mTRANSACTION (0.1ms)[0m  [1m[36mbegin transaction[0m
  â†³ app/controllers/microposts_controller.rb:27:in `block in create'
  [1m[36mMicropost Create (0.3ms)[0m  [1m[32mINSERT INTO "microposts" ("content", "user_id", "created_at", "updated_at") VALUES (?, ?, ?, ?)[0m  [["content", "dfasdf"], ["user_id", -1], ["created_at", "2023-02-03 09:07:08.465922"], ["updated_at", "2023-02-03 09:07:08.465922"]]
  â†³ app/controllers/microposts_controller.rb:27:in `block in create'
  [1m[36mTRANSACTION (0.4ms)[0m  [1m[36mcommit transaction[0m
  â†³ app/controllers/microposts_controller.rb:27:in `block in create'
Redirected to http://[::1]:3000/microposts/2
Completed 302 Found in 4ms (ActiveRecord: 0.7ms | Allocations: 2162)


Started GET "/microposts/2" for ::1 at 2023-02-03 18:07:08 +0900
Processing by MicropostsController#show as HTML
  Parameters: {"id"=>"2"}
  [1m[36mMicropost Load (0.1ms)[0m  [1m[34mSELECT "microposts".* FROM "microposts" WHERE "microposts"."id" = ? LIMIT ?[0m  [["id", 2], ["LIMIT", 1]]
  â†³ app/controllers/microposts_controller.rb:63:in `set_micropost'
  Rendering layout layouts/application.html.erb
  Rendering microposts/show.html.erb within layouts/application
  Rendered microposts/_micropost.html.erb (Duration: 0.0ms | Allocations: 19)
  Rendered microposts/show.html.erb within layouts/application (Duration: 0.5ms | Allocations: 563)
  Rendered layout layouts/application.html.erb (Duration: 1.4ms | Allocations: 1554)
Completed 200 OK in 2ms (Views: 1.7ms | ActiveRecord: 0.1ms | Allocations: 2273)


Started GET "/microposts" for ::1 at 2023-02-03 18:07:10 +0900
Processing by MicropostsController#index as HTML
  Rendering layout layouts/application.html.erb
  Rendering microposts/index.html.erb within layouts/application
  [1m[36mMicropost Load (0.1ms)[0m  [1m[34mSELECT "microposts".* FROM "microposts"[0m
  â†³ app/views/microposts/index.html.erb:6
  Rendered microposts/_micropost.html.erb (Duration: 0.0ms | Allocations: 19)
  Rendered microposts/index.html.erb within layouts/application (Duration: 0.9ms | Allocations: 889)
  Rendered layout layouts/application.html.erb (Duration: 1.8ms | Allocations: 1894)
Completed 200 OK in 2ms (Views: 1.9ms | ActiveRecord: 0.1ms | Allocations: 2155)


Started GET "/microposts" for ::1 at 2023-02-03 18:07:12 +0900
Processing by MicropostsController#index as HTML
  Rendering layout layouts/application.html.erb
  Rendering microposts/index.html.erb within layouts/application
  [1m[36mMicropost Load (0.2ms)[0m  [1m[34mSELECT "microposts".* FROM "microposts"[0m
  â†³ app/views/microposts/index.html.erb:6
  Rendered microposts/_micropost.html.erb (Duration: 0.1ms | Allocations: 19)
  Rendered microposts/index.html.erb within layouts/application (Duration: 2.1ms | Allocations: 876)
  Rendered layout layouts/application.html.erb (Duration: 4.8ms | Allocations: 1875)
Completed 200 OK in 6ms (Views: 5.1ms | ActiveRecord: 0.2ms | Allocations: 2134)


Started GET "/microposts/2" for ::1 at 2023-02-03 18:07:13 +0900
Processing by MicropostsController#show as HTML
  Parameters: {"id"=>"2"}
  [1m[36mMicropost Load (0.2ms)[0m  [1m[34mSELECT "microposts".* FROM "microposts" WHERE "microposts"."id" = ? LIMIT ?[0m  [["id", 2], ["LIMIT", 1]]
  â†³ app/controllers/microposts_controller.rb:63:in `set_micropost'
  Rendering layout layouts/application.html.erb
  Rendering microposts/show.html.erb within layouts/application
  Rendered microposts/_micropost.html.erb (Duration: 0.1ms | Allocations: 19)
  Rendered microposts/show.html.erb within layouts/application (Duration: 1.2ms | Allocations: 548)
  Rendered layout layouts/application.html.erb (Duration: 4.1ms | Allocations: 1544)
Completed 200 OK in 6ms (Views: 4.6ms | ActiveRecord: 0.2ms | Allocations: 2265)


Started DELETE "/microposts/2" for ::1 at 2023-02-03 18:07:15 +0900
Processing by MicropostsController#destroy as HTML
  Parameters: {"authenticity_token"=>"[FILTERED]", "id"=>"2"}
  [1m[36mMicropost Load (0.7ms)[0m  [1m[34mSELECT "microposts".* FROM "microposts" WHERE "microposts"."id" = ? LIMIT ?[0m  [["id", 2], ["LIMIT", 1]]
  â†³ app/controllers/microposts_controller.rb:63:in `set_micropost'
  [1m[36mTRANSACTION (0.1ms)[0m  [1m[36mbegin transaction[0m
  â†³ app/controllers/microposts_controller.rb:52:in `destroy'
  [1m[36mMicropost Destroy (0.7ms)[0m  [1m[31mDELETE FROM "microposts" WHERE "microposts"."id" = ?[0m  [["id", 2]]
  â†³ app/controllers/microposts_controller.rb:52:in `destroy'
  [1m[36mTRANSACTION (0.8ms)[0m  [1m[36mcommit transaction[0m
  â†³ app/controllers/microposts_controller.rb:52:in `destroy'
Redirected to http://[::1]:3000/microposts
Completed 302 Found in 9ms (ActiveRecord: 2.2ms | Allocations: 2345)


Started GET "/microposts" for ::1 at 2023-02-03 18:07:15 +0900
Processing by MicropostsController#index as HTML
  Rendering layout layouts/application.html.erb
  Rendering microposts/index.html.erb within layouts/application
  [1m[36mMicropost Load (0.1ms)[0m  [1m[34mSELECT "microposts".* FROM "microposts"[0m
  â†³ app/views/microposts/index.html.erb:6
  Rendered microposts/index.html.erb within layouts/application (Duration: 0.9ms | Allocations: 813)
  Rendered layout layouts/application.html.erb (Duration: 1.6ms | Allocations: 1815)
Completed 200 OK in 2ms (Views: 1.7ms | ActiveRecord: 0.1ms | Allocations: 2075)


Started GET "/microposts" for ::1 at 2023-02-03 18:07:16 +0900
Processing by MicropostsController#index as HTML
  Rendering layout layouts/application.html.erb
  Rendering microposts/index.html.erb within layouts/application
  [1m[36mMicropost Load (0.1ms)[0m  [1m[34mSELECT "microposts".* FROM "microposts"[0m
  â†³ app/views/microposts/index.html.erb:6
  Rendered microposts/index.html.erb within layouts/application (Duration: 0.7ms | Allocations: 734)
  Rendered layout layouts/application.html.erb (Duration: 1.7ms | Allocations: 1733)
Completed 200 OK in 2ms (Views: 1.8ms | ActiveRecord: 0.1ms | Allocations: 1992)


Started GET "/microposts" for ::1 at 2023-02-03 18:07:17 +0900
Processing by MicropostsController#index as HTML
  Rendering layout layouts/application.html.erb
  Rendering microposts/index.html.erb within layouts/application
  [1m[36mMicropost Load (0.1ms)[0m  [1m[34mSELECT "microposts".* FROM "microposts"[0m
  â†³ app/views/microposts/index.html.erb:6
  Rendered microposts/index.html.erb within layouts/application (Duration: 1.4ms | Allocations: 755)
  Rendered layout layouts/application.html.erb (Duration: 2.4ms | Allocations: 1754)
Completed 200 OK in 3ms (Views: 2.7ms | ActiveRecord: 0.1ms | Allocations: 2013)


Started GET "/microposts" for ::1 at 2023-02-03 18:07:17 +0900
Processing by MicropostsController#index as HTML
  Rendering layout layouts/application.html.erb
  Rendering microposts/index.html.erb within layouts/application
  [1m[36mMicropost Load (0.2ms)[0m  [1m[34mSELECT "microposts".* FROM "microposts"[0m
  â†³ app/views/microposts/index.html.erb:6
  Rendered microposts/index.html.erb within layouts/application (Duration: 2.6ms | Allocations: 746)
  Rendered layout layouts/application.html.erb (Duration: 7.4ms | Allocations: 1745)
Completed 200 OK in 9ms (Views: 7.7ms | ActiveRecord: 0.2ms | Allocations: 2004)


Started GET "/microposts/new" for ::1 at 2023-02-03 18:07:18 +0900
Processing by MicropostsController#new as HTML
  Rendering layout layouts/application.html.erb
  Rendering microposts/new.html.erb within layouts/application
  Rendered microposts/_form.html.erb (Duration: 3.0ms | Allocations: 994)
  Rendered microposts/new.html.erb within layouts/application (Duration: 3.3ms | Allocations: 1081)
  Rendered layout layouts/application.html.erb (Duration: 6.2ms | Allocations: 2080)
Completed 200 OK in 8ms (Views: 7.0ms | ActiveRecord: 0.0ms | Allocations: 2341)


Started POST "/microposts" for ::1 at 2023-02-03 18:07:21 +0900
Processing by MicropostsController#create as HTML
  Parameters: {"authenticity_token"=>"[FILTERED]", "micropost"=>{"content"=>"sdfasdf", "user_id"=>"1"}, "commit"=>"Create Micropost"}
  [1m[36mTRANSACTION (0.1ms)[0m  [1m[36mbegin transaction[0m
  â†³ app/controllers/microposts_controller.rb:27:in `block in create'
  [1m[36mMicropost Create (0.6ms)[0m  [1m[32mINSERT INTO "microposts" ("content", "user_id", "created_at", "updated_at") VALUES (?, ?, ?, ?)[0m  [["content", "sdfasdf"], ["user_id", 1], ["created_at", "2023-02-03 09:07:21.587154"], ["updated_at", "2023-02-03 09:07:21.587154"]]
  â†³ app/controllers/microposts_controller.rb:27:in `block in create'
  [1m[36mTRANSACTION (0.5ms)[0m  [1m[36mcommit transaction[0m
  â†³ app/controllers/microposts_controller.rb:27:in `block in create'
Redirected to http://[::1]:3000/microposts/3
Completed 302 Found in 6ms (ActiveRecord: 1.1ms | Allocations: 2164)


Started GET "/microposts/3" for ::1 at 2023-02-03 18:07:21 +0900
Processing by MicropostsController#show as HTML
  Parameters: {"id"=>"3"}
  [1m[36mMicropost Load (0.1ms)[0m  [1m[34mSELECT "microposts".* FROM "microposts" WHERE "microposts"."id" = ? LIMIT ?[0m  [["id", 3], ["LIMIT", 1]]
  â†³ app/controllers/microposts_controller.rb:63:in `set_micropost'
  Rendering layout layouts/application.html.erb
  Rendering microposts/show.html.erb within layouts/application
  Rendered microposts/_micropost.html.erb (Duration: 0.0ms | Allocations: 19)
  Rendered microposts/show.html.erb within layouts/application (Duration: 0.5ms | Allocations: 563)
  Rendered layout layouts/application.html.erb (Duration: 1.3ms | Allocations: 1557)
Completed 200 OK in 2ms (Views: 1.5ms | ActiveRecord: 0.1ms | Allocations: 2277)


Started GET "/microposts" for ::1 at 2023-02-03 18:07:23 +0900
Processing by MicropostsController#index as HTML
  Rendering layout layouts/application.html.erb
  Rendering microposts/index.html.erb within layouts/application
  [1m[36mMicropost Load (0.2ms)[0m  [1m[34mSELECT "microposts".* FROM "microposts"[0m
  â†³ app/views/microposts/index.html.erb:6
  Rendered microposts/_micropost.html.erb (Duration: 0.1ms | Allocations: 19)
  Rendered microposts/index.html.erb within layouts/application (Duration: 2.7ms | Allocations: 879)
  Rendered layout layouts/application.html.erb (Duration: 5.9ms | Allocations: 1879)
Completed 200 OK in 7ms (Views: 6.3ms | ActiveRecord: 0.2ms | Allocations: 2139)


Started GET "/microposts/new" for ::1 at 2023-02-03 18:07:25 +0900
Processing by MicropostsController#new as HTML
  Rendering layout layouts/application.html.erb
  Rendering microposts/new.html.erb within layouts/application
  Rendered microposts/_form.html.erb (Duration: 2.5ms | Allocations: 985)
  Rendered microposts/new.html.erb within layouts/application (Duration: 2.8ms | Allocations: 1072)
  Rendered layout layouts/application.html.erb (Duration: 4.2ms | Allocations: 2071)
Completed 200 OK in 5ms (Views: 4.7ms | ActiveRecord: 0.0ms | Allocations: 2332)


Started POST "/microposts" for ::1 at 2023-02-03 18:07:28 +0900
Processing by MicropostsController#create as HTML
  Parameters: {"authenticity_token"=>"[FILTERED]", "micropost"=>{"content"=>"adsfasdf", "user_id"=>"2"}, "commit"=>"Create Micropost"}
  [1m[36mTRANSACTION (0.1ms)[0m  [1m[36mbegin transaction[0m
  â†³ app/controllers/microposts_controller.rb:27:in `block in create'
  [1m[36mMicropost Create (0.9ms)[0m  [1m[32mINSERT INTO "microposts" ("content", "user_id", "created_at", "updated_at") VALUES (?, ?, ?, ?)[0m  [["content", "adsfasdf"], ["user_id", 2], ["created_at", "2023-02-03 09:07:28.383934"], ["updated_at", "2023-02-03 09:07:28.383934"]]
  â†³ app/controllers/microposts_controller.rb:27:in `block in create'
  [1m[36mTRANSACTION (1.2ms)[0m  [1m[36mcommit transaction[0m
  â†³ app/controllers/microposts_controller.rb:27:in `block in create'
Redirected to http://[::1]:3000/microposts/4
Completed 302 Found in 10ms (ActiveRecord: 2.2ms | Allocations: 2152)


Started GET "/microposts/4" for ::1 at 2023-02-03 18:07:28 +0900
Processing by MicropostsController#show as HTML
  Parameters: {"id"=>"4"}
  [1m[36mMicropost Load (0.1ms)[0m  [1m[34mSELECT "microposts".* FROM "microposts" WHERE "microposts"."id" = ? LIMIT ?[0m  [["id", 4], ["LIMIT", 1]]
  â†³ app/controllers/microposts_controller.rb:63:in `set_micropost'
  Rendering layout layouts/application.html.erb
  Rendering microposts/show.html.erb within layouts/application
  Rendered microposts/_micropost.html.erb (Duration: 0.0ms | Allocations: 19)
  Rendered microposts/show.html.erb within layouts/application (Duration: 0.6ms | Allocations: 551)
  Rendered layout layouts/application.html.erb (Duration: 1.6ms | Allocations: 1542)
Completed 200 OK in 3ms (Views: 1.8ms | ActiveRecord: 0.1ms | Allocations: 2261)


Started GET "/microposts" for ::1 at 2023-02-03 18:07:29 +0900
Processing by MicropostsController#index as HTML
  Rendering layout layouts/application.html.erb
  Rendering microposts/index.html.erb within layouts/application
  [1m[36mMicropost Load (0.1ms)[0m  [1m[34mSELECT "microposts".* FROM "microposts"[0m
  â†³ app/views/microposts/index.html.erb:6
  Rendered microposts/_micropost.html.erb (Duration: 0.0ms | Allocations: 19)
  Rendered microposts/_micropost.html.erb (Duration: 0.0ms | Allocations: 18)
  Rendered microposts/index.html.erb within layouts/application (Duration: 1.1ms | Allocations: 1013)
  Rendered layout layouts/application.html.erb (Duration: 1.9ms | Allocations: 2012)
Completed 200 OK in 3ms (Views: 2.6ms | ActiveRecord: 0.1ms | Allocations: 2271)


Started GET "/microposts/new" for ::1 at 2023-02-03 18:08:07 +0900
Processing by MicropostsController#new as HTML
  Rendering layout layouts/application.html.erb
  Rendering microposts/new.html.erb within layouts/application
  Rendered microposts/_form.html.erb (Duration: 1.2ms | Allocations: 1258)
  Rendered microposts/new.html.erb within layouts/application (Duration: 1.4ms | Allocations: 1379)
  Rendered layout layouts/application.html.erb (Duration: 2.4ms | Allocations: 2632)
Completed 200 OK in 6ms (Views: 3.0ms | ActiveRecord: 0.4ms | Allocations: 5874)


Started GET "/microposts/new" for ::1 at 2023-02-03 18:08:07 +0900
Processing by MicropostsController#new as HTML
  Rendering layout layouts/application.html.erb
  Rendering microposts/new.html.erb within layouts/application
  Rendered microposts/_form.html.erb (Duration: 1.0ms | Allocations: 1258)
  Rendered microposts/new.html.erb within layouts/application (Duration: 1.1ms | Allocations: 1371)
  Rendered layout layouts/application.html.erb (Duration: 1.9ms | Allocations: 2548)
Completed 200 OK in 5ms (Views: 2.4ms | ActiveRecord: 0.5ms | Allocations: 5644)


Started POST "/microposts" for ::1 at 2023-02-03 18:08:19 +0900
Processing by MicropostsController#create as HTML
  Parameters: {"authenticity_token"=>"[FILTERED]", "micropost"=>{"content"=>"ç•°sã hgãµã‰ã„ã‚hãŽãŠã‚ã¸wã‚gfã˜ã‚ƒwã€vdjã€wprjãŒdsjgvã±wjã’ã±ã†ã‡hgã‚”ãƒã‚pï¼›hdgvã±wã€çµµrjãŒksdjvï¼›ãŠpã˜ã‡rã€gvbã˜ã‚ƒpsï¼›gã‹ã€çµµwgéœ²jhã€ã±sdgkjãƒ´ã‚¡ãŠãˆjã€ã±", "user_id"=>"1"}, "commit"=>"Create Micropost"}
  [1m[36mTRANSACTION (0.1ms)[0m  [1m[36mbegin transaction[0m
  â†³ app/controllers/microposts_controller.rb:27:in `block in create'
  [1m[36mMicropost Create (0.9ms)[0m  [1m[32mINSERT INTO "microposts" ("content", "user_id", "created_at", "updated_at") VALUES (?, ?, ?, ?)[0m  [["content", "ç•°sã hgãµã‰ã„ã‚hãŽãŠã‚ã¸wã‚gfã˜ã‚ƒwã€vdjã€wprjãŒdsjgvã±wjã’ã±ã†ã‡hgã‚”ãƒã‚pï¼›hdgvã±wã€çµµrjãŒksdjvï¼›ãŠpã˜ã‡rã€gvbã˜ã‚ƒpsï¼›gã‹ã€çµµwgéœ²jhã€ã±sdgkjãƒ´ã‚¡ãŠãˆjã€ã±"], ["user_id", 1], ["created_at", "2023-02-03 09:08:19.327411"], ["updated_at", "2023-02-03 09:08:19.327411"]]
  â†³ app/controllers/microposts_controller.rb:27:in `block in create'
  [1m[36mTRANSACTION (1.1ms)[0m  [1m[36mcommit transaction[0m
  â†³ app/controllers/microposts_controller.rb:27:in `block in create'
Redirected to http://[::1]:3000/microposts/5
Completed 302 Found in 8ms (ActiveRecord: 2.1ms | Allocations: 2519)


Started GET "/microposts/5" for ::1 at 2023-02-03 18:08:19 +0900
Processing by MicropostsController#show as HTML
  Parameters: {"id"=>"5"}
  [1m[36mMicropost Load (0.1ms)[0m  [1m[34mSELECT "microposts".* FROM "microposts" WHERE "microposts"."id" = ? LIMIT ?[0m  [["id", 5], ["LIMIT", 1]]
  â†³ app/controllers/microposts_controller.rb:63:in `set_micropost'
  Rendering layout layouts/application.html.erb
  Rendering microposts/show.html.erb within layouts/application
  Rendered microposts/_micropost.html.erb (Duration: 0.1ms | Allocations: 30)
  Rendered microposts/show.html.erb within layouts/application (Duration: 0.9ms | Allocations: 682)
  Rendered layout layouts/application.html.erb (Duration: 1.7ms | Allocations: 1673)
Completed 200 OK in 3ms (Views: 1.9ms | ActiveRecord: 0.1ms | Allocations: 3156)


Started GET "/microposts" for ::1 at 2023-02-03 18:08:23 +0900
Processing by MicropostsController#index as HTML
  Rendering layout layouts/application.html.erb
  Rendering microposts/index.html.erb within layouts/application
  [1m[36mMicropost Load (0.3ms)[0m  [1m[34mSELECT "microposts".* FROM "microposts"[0m
  â†³ app/views/microposts/index.html.erb:6
  Rendered microposts/_micropost.html.erb (Duration: 0.1ms | Allocations: 19)
  Rendered microposts/_micropost.html.erb (Duration: 0.0ms | Allocations: 18)
  Rendered microposts/_micropost.html.erb (Duration: 0.0ms | Allocations: 20)
  Rendered microposts/index.html.erb within layouts/application (Duration: 2.7ms | Allocations: 1184)
  Rendered layout layouts/application.html.erb (Duration: 5.2ms | Allocations: 2183)
Completed 200 OK in 8ms (Views: 7.0ms | ActiveRecord: 0.3ms | Allocations: 2445)


Started GET "/microposts/new" for ::1 at 2023-02-03 18:08:24 +0900
Processing by MicropostsController#new as HTML
  Rendering layout layouts/application.html.erb
  Rendering microposts/new.html.erb within layouts/application
  Rendered microposts/_form.html.erb (Duration: 2.0ms | Allocations: 970)
  Rendered microposts/new.html.erb within layouts/application (Duration: 2.3ms | Allocations: 1057)
  Rendered layout layouts/application.html.erb (Duration: 4.4ms | Allocations: 2056)
Completed 200 OK in 6ms (Views: 4.9ms | ActiveRecord: 0.0ms | Allocations: 2318)


Started POST "/microposts" for ::1 at 2023-02-03 18:08:35 +0900
Processing by MicropostsController#create as HTML
  Parameters: {"authenticity_token"=>"[FILTERED]", "micropost"=>{"content"=>"ç•°sã hgãµã‰ã„ã‚hãŽãŠã‚ã¸wã‚gfã˜ã‚ƒwã€vdjã€wprjãŒdsjgvã±wjã’ã±ã†ã‡hgã‚”ãƒã‚pï¼›hdgvã±wã€çµµrjãŒksdjvï¼›ãŠpã˜ã‡rã€gvbã˜ã‚ƒpsï¼›gã‹ã€çµµwgéœ²jhã€ã±sdgkjãƒ´ã‚¡ãŠãˆjã€ã±äºœsdãƒ•ã‚¡sdgã‰ã‚¸ã‚§ãŠrgjbï¼ ã‚ªã‚¢jdw:fcï¼ jã€wpçµµfjvï¼šãdjsfjï¼ ã‚’ï¼ ã’vã˜ã‚ƒãŠwljrgã‚”ã‰ï¼ äºžjdsfï¼›äºžlsdgkfï¼šï¼ ã‚¦ã‚§gjãƒ•ã‚©psé‚ªdgpï¼›ãŠvjãã‡rã€gpï¼›vjã¯ã€pï¼›dsãŒsdãƒ”gjvã€qãºã„vjhï¼›ã‚¢ã‚¸ã‚§rã€vé™½ã¯dã´vã¯ã‚¯ã‚§fdjrgã‚”ãã½sdjã‚”ãƒã±sjhdã€p", "user_id"=>"1"}, "commit"=>"Create Micropost"}
  Rendering layout layouts/application.html.erb
  Rendering microposts/new.html.erb within layouts/application
  Rendered microposts/_form.html.erb (Duration: 3.3ms | Allocations: 1912)
  Rendered microposts/new.html.erb within layouts/application (Duration: 3.7ms | Allocations: 1999)
  Rendered layout layouts/application.html.erb (Duration: 5.4ms | Allocations: 2990)
Completed 422 Unprocessable Entity in 8ms (Views: 6.2ms | ActiveRecord: 0.0ms | Allocations: 4064)


  [1m[36mUser Load (0.0ms)[0m  [1m[34mSELECT "users".* FROM "users" ORDER BY "users"."id" ASC LIMIT ?[0m  [["LIMIT", 1]]
  [1m[36mMicropost Load (0.1ms)[0m  [1m[34mSELECT "microposts".* FROM "microposts" WHERE "microposts"."user_id" = ?[0m  [["user_id", 1]]
Started GET "/microposts" for ::1 at 2023-02-03 18:12:42 +0900
Processing by MicropostsController#index as HTML
  Rendering layout layouts/application.html.erb
  Rendering microposts/index.html.erb within layouts/application
  [1m[36mMicropost Load (0.0ms)[0m  [1m[34mSELECT "microposts".* FROM "microposts"[0m
  â†³ app/views/microposts/index.html.erb:6
  Rendered microposts/_micropost.html.erb (Duration: 0.1ms | Allocations: 42)
  Rendered microposts/_micropost.html.erb (Duration: 0.0ms | Allocations: 18)
  Rendered microposts/_micropost.html.erb (Duration: 0.0ms | Allocations: 20)
  Rendered microposts/index.html.erb within layouts/application (Duration: 2.8ms | Allocations: 3243)
  Rendered layout layouts/application.html.erb (Duration: 3.7ms | Allocations: 4437)
Completed 200 OK in 6ms (Views: 4.2ms | ActiveRecord: 0.5ms | Allocations: 6452)


Started GET "/" for ::1 at 2023-02-03 18:12:47 +0900
Processing by UsersController#index as HTML
  Rendering layout layouts/application.html.erb
  Rendering users/index.html.erb within layouts/application
  [1m[36mUser Load (0.1ms)[0m  [1m[34mSELECT "users".* FROM "users"[0m
  â†³ app/views/users/index.html.erb:6
  Rendered users/_user.html.erb (Duration: 0.0ms | Allocations: 43)
  Rendered users/index.html.erb within layouts/application (Duration: 2.3ms | Allocations: 2714)
  Rendered layout layouts/application.html.erb (Duration: 3.1ms | Allocations: 3908)
Completed 200 OK in 8ms (Views: 3.4ms | ActiveRecord: 0.3ms | Allocations: 5651)


Started GET "/users/1" for ::1 at 2023-02-03 18:12:49 +0900
Processing by UsersController#show as HTML
  Parameters: {"id"=>"1"}
  [1m[36mUser Load (0.3ms)[0m  [1m[34mSELECT "users".* FROM "users" WHERE "users"."id" = ? LIMIT ?[0m  [["id", 1], ["LIMIT", 1]]
  â†³ app/controllers/users_controller.rb:64:in `set_user'
  [1m[36mMicropost Load (0.1ms)[0m  [1m[34mSELECT "microposts".* FROM "microposts" WHERE "microposts"."user_id" = ? ORDER BY "microposts"."id" ASC LIMIT ?[0m  [["user_id", 1], ["LIMIT", 1]]
  â†³ app/controllers/users_controller.rb:11:in `show'
  Rendering layout layouts/application.html.erb
  Rendering users/show.html.erb within layouts/application
  Rendered users/_user.html.erb (Duration: 0.0ms | Allocations: 26)
  Rendered users/show.html.erb within layouts/application (Duration: 0.8ms | Allocations: 909)
  Rendered layout layouts/application.html.erb (Duration: 1.8ms | Allocations: 2010)
Completed 200 OK in 13ms (Views: 2.0ms | ActiveRecord: 0.4ms | Allocations: 7029)


Started GET "/users" for ::1 at 2023-02-03 18:12:54 +0900
Processing by UsersController#index as HTML
  Rendering layout layouts/application.html.erb
  Rendering users/index.html.erb within layouts/application
  [1m[36mUser Load (0.2ms)[0m  [1m[34mSELECT "users".* FROM "users"[0m
  â†³ app/views/users/index.html.erb:6
  Rendered users/_user.html.erb (Duration: 0.1ms | Allocations: 20)
  Rendered users/index.html.erb within layouts/application (Duration: 2.5ms | Allocations: 916)
  Rendered layout layouts/application.html.erb (Duration: 4.9ms | Allocations: 1916)
Completed 200 OK in 7ms (Views: 5.6ms | ActiveRecord: 0.2ms | Allocations: 2183)


Started GET "/users" for ::1 at 2023-02-03 18:13:06 +0900
Processing by UsersController#index as HTML
  Rendering layout layouts/application.html.erb
  Rendering users/index.html.erb within layouts/application
  [1m[36mUser Load (0.0ms)[0m  [1m[34mSELECT "users".* FROM "users"[0m
  â†³ app/views/users/index.html.erb:6
  Rendered users/_user.html.erb (Duration: 0.1ms | Allocations: 43)
  Rendered users/index.html.erb within layouts/application (Duration: 2.6ms | Allocations: 2934)
  Rendered layout layouts/application.html.erb (Duration: 3.5ms | Allocations: 4128)
Completed 200 OK in 5ms (Views: 4.0ms | ActiveRecord: 0.4ms | Allocations: 5866)


Started GET "/users" for ::1 at 2023-02-03 18:13:06 +0900
Processing by UsersController#index as HTML
  Rendering layout layouts/application.html.erb
  Rendering users/index.html.erb within layouts/application
  [1m[36mUser Load (0.1ms)[0m  [1m[34mSELECT "users".* FROM "users"[0m
  â†³ app/views/users/index.html.erb:6
  Rendered users/_user.html.erb (Duration: 0.0ms | Allocations: 20)
  Rendered users/index.html.erb within layouts/application (Duration: 1.0ms | Allocations: 875)
  Rendered layout layouts/application.html.erb (Duration: 1.8ms | Allocations: 1874)
Completed 200 OK in 2ms (Views: 1.9ms | ActiveRecord: 0.1ms | Allocations: 2158)


Started GET "/users/1" for ::1 at 2023-02-03 18:13:07 +0900
Processing by UsersController#show as HTML
  Parameters: {"id"=>"1"}
  [1m[36mUser Load (0.1ms)[0m  [1m[34mSELECT "users".* FROM "users" WHERE "users"."id" = ? LIMIT ?[0m  [["id", 1], ["LIMIT", 1]]
  â†³ app/controllers/users_controller.rb:64:in `set_user'
Completed 500 Internal Server Error in 9ms (ActiveRecord: 0.1ms | Allocations: 5141)


  
NoMethodError (undefined method `microposts' for User:Class):
  
app/controllers/users_controller.rb:11:in `show'
Started GET "/users/1" for ::1 at 2023-02-03 18:13:10 +0900
Processing by UsersController#show as HTML
  Parameters: {"id"=>"1"}
  [1m[36mUser Load (0.3ms)[0m  [1m[34mSELECT "users".* FROM "users" WHERE "users"."id" = ? LIMIT ?[0m  [["id", 1], ["LIMIT", 1]]
  â†³ app/controllers/users_controller.rb:64:in `set_user'
Completed 500 Internal Server Error in 16ms (ActiveRecord: 0.3ms | Allocations: 4543)


  
NoMethodError (undefined method `microposts' for User:Class):
  
app/controllers/users_controller.rb:11:in `show'
Started GET "/users/1" for ::1 at 2023-02-03 18:16:47 +0900
Processing by UsersController#show as HTML
  Parameters: {"id"=>"1"}
  [1m[36mUser Load (0.1ms)[0m  [1m[34mSELECT "users".* FROM "users" WHERE "users"."id" = ? LIMIT ?[0m  [["id", 1], ["LIMIT", 1]]
  â†³ app/controllers/users_controller.rb:64:in `set_user'
Completed 500 Internal Server Error in 11ms (ActiveRecord: 0.5ms | Allocations: 8051)


  
NoMethodError (undefined method `microposts' for User:Class):
  
app/controllers/users_controller.rb:11:in `show'
Started GET "/users" for ::1 at 2023-02-03 18:17:01 +0900
Processing by UsersController#index as HTML
  Rendering layout layouts/application.html.erb
  Rendering users/index.html.erb within layouts/application
  [1m[36mUser Load (0.0ms)[0m  [1m[34mSELECT "users".* FROM "users"[0m
  â†³ app/views/users/index.html.erb:6
  Rendered users/_user.html.erb (Duration: 0.0ms | Allocations: 43)
  Rendered users/index.html.erb within layouts/application (Duration: 2.8ms | Allocations: 2987)
  Rendered layout layouts/application.html.erb (Duration: 6.7ms | Allocations: 4181)
Completed 200 OK in 9ms (Views: 7.2ms | ActiveRecord: 0.5ms | Allocations: 5927)


Started GET "/users/1" for ::1 at 2023-02-03 18:17:02 +0900
Processing by UsersController#show as HTML
  Parameters: {"id"=>"1"}
  [1m[36mUser Load (0.3ms)[0m  [1m[34mSELECT "users".* FROM "users" WHERE "users"."id" = ? LIMIT ?[0m  [["id", 1], ["LIMIT", 1]]
  â†³ app/controllers/users_controller.rb:64:in `set_user'
Completed 500 Internal Server Error in 6ms (ActiveRecord: 0.3ms | Allocations: 2357)


  
NoMethodError (undefined method `microposts' for :user:Symbol

    :user.microposts.first
         ^^^^^^^^^^^):
  
app/controllers/users_controller.rb:11:in `show'
Started GET "/users/1" for ::1 at 2023-02-03 18:19:04 +0900
Processing by UsersController#show as HTML
  Parameters: {"id"=>"1"}
  [1m[36mUser Load (0.0ms)[0m  [1m[34mSELECT "users".* FROM "users" WHERE "users"."id" = ? LIMIT ?[0m  [["id", 1], ["LIMIT", 1]]
  â†³ app/controllers/users_controller.rb:63:in `set_user'
  Rendering layout layouts/application.html.erb
  Rendering users/show.html.erb within layouts/application
  [1m[36mMicropost Load (0.0ms)[0m  [1m[34mSELECT "microposts".* FROM "microposts" WHERE "microposts"."user_id" = ?[0m  [["user_id", 1]]
  â†³ app/views/users/show.html.erb:3
  Rendered collection of microposts/_micropost.html.erb [2 times] (Duration: 0.4ms | Allocations: 329)
  Rendered users/show.html.erb within layouts/application (Duration: 5.0ms | Allocations: 6572)
  Rendered layout layouts/application.html.erb (Duration: 6.2ms | Allocations: 7896)
Completed 200 OK in 11ms (Views: 6.9ms | ActiveRecord: 0.7ms | Allocations: 12913)


Started GET "/users/1" for ::1 at 2023-02-03 18:19:16 +0900
Processing by UsersController#show as HTML
  Parameters: {"id"=>"1"}
  [1m[36mUser Load (0.1ms)[0m  [1m[34mSELECT "users".* FROM "users" WHERE "users"."id" = ? LIMIT ?[0m  [["id", 1], ["LIMIT", 1]]
  â†³ app/controllers/users_controller.rb:63:in `set_user'
  Rendering layout layouts/application.html.erb
  Rendering users/show.html.erb within layouts/application
  [1m[36mMicropost Load (0.1ms)[0m  [1m[34mSELECT "microposts".* FROM "microposts" WHERE "microposts"."user_id" = ? /* loading for inspect */ LIMIT ?[0m  [["user_id", 1], ["LIMIT", 11]]
  Rendered users/show.html.erb within layouts/application (Duration: 4.1ms | Allocations: 5961)
  Rendered layout layouts/application.html.erb (Duration: 4.2ms | Allocations: 6046)
Completed 500 Internal Server Error in 6ms (ActiveRecord: 0.2ms | Allocations: 7356)


  
ActionView::Template::Error (undefined method `keys' for #<ActiveRecord::Associations::CollectionProxy [#<Micropost id: 3, content: "sdfasdf", user_id: 1, created_at: "2023-02-03 09:07:21.587154000 +0000", updated_at: "2023-02-03 09:07:21.587154000 +0000">, #<Micropost id: 5, content: "ç•°sã hgãµã‰ã„ã‚hãŽãŠã‚ã¸wã‚gfã˜ã‚ƒwã€vdjã€wprjãŒdsjgvã±wjã’ã±ã†ã‡hgã‚”ãƒã‚pï¼›...", user_id: 1, created_at: "2023-02-03 09:08:19.327411000 +0000", updated_at: "2023-02-03 09:08:19.327411000 +0000">]>):
    1: <p style="color: green"><%= notice %></p>
    2: 
    3: <%= render @user, @user.microposts %>
    4: 
    5: <div>
    6:   <%= link_to "Edit this user", edit_user_path(@user) %> |
  
app/views/users/show.html.erb:3
Started GET "/users/1" for ::1 at 2023-02-03 18:19:18 +0900
Processing by UsersController#show as HTML
  Parameters: {"id"=>"1"}
  [1m[36mUser Load (0.2ms)[0m  [1m[34mSELECT "users".* FROM "users" WHERE "users"."id" = ? LIMIT ?[0m  [["id", 1], ["LIMIT", 1]]
  â†³ app/controllers/users_controller.rb:63:in `set_user'
  Rendering layout layouts/application.html.erb
  Rendering users/show.html.erb within layouts/application
  [1m[36mMicropost Load (0.1ms)[0m  [1m[34mSELECT "microposts".* FROM "microposts" WHERE "microposts"."user_id" = ? /* loading for inspect */ LIMIT ?[0m  [["user_id", 1], ["LIMIT", 11]]
  Rendered users/show.html.erb within layouts/application (Duration: 4.6ms | Allocations: 5308)
  Rendered layout layouts/application.html.erb (Duration: 4.8ms | Allocations: 5387)
Completed 500 Internal Server Error in 8ms (ActiveRecord: 0.3ms | Allocations: 6115)


  
ActionView::Template::Error (undefined method `keys' for #<ActiveRecord::Associations::CollectionProxy [#<Micropost id: 3, content: "sdfasdf", user_id: 1, created_at: "2023-02-03 09:07:21.587154000 +0000", updated_at: "2023-02-03 09:07:21.587154000 +0000">, #<Micropost id: 5, content: "ç•°sã hgãµã‰ã„ã‚hãŽãŠã‚ã¸wã‚gfã˜ã‚ƒwã€vdjã€wprjãŒdsjgvã±wjã’ã±ã†ã‡hgã‚”ãƒã‚pï¼›...", user_id: 1, created_at: "2023-02-03 09:08:19.327411000 +0000", updated_at: "2023-02-03 09:08:19.327411000 +0000">]>):
    1: <p style="color: green"><%= notice %></p>
    2: 
    3: <%= render @user, @user.microposts %>
    4: 
    5: <div>
    6:   <%= link_to "Edit this user", edit_user_path(@user) %> |
  
app/views/users/show.html.erb:3
Started GET "/users" for ::1 at 2023-02-03 18:19:27 +0900
Processing by UsersController#index as HTML
  Rendering layout layouts/application.html.erb
  Rendering users/index.html.erb within layouts/application
  [1m[36mUser Load (0.1ms)[0m  [1m[34mSELECT "users".* FROM "users"[0m
  â†³ app/views/users/index.html.erb:6
  Rendered users/_user.html.erb (Duration: 0.2ms | Allocations: 182)
  Rendered users/index.html.erb within layouts/application (Duration: 1.9ms | Allocations: 1605)
  Rendered layout layouts/application.html.erb (Duration: 3.0ms | Allocations: 2957)
Completed 200 OK in 5ms (Views: 4.0ms | ActiveRecord: 0.1ms | Allocations: 3788)


Started GET "/users/1" for ::1 at 2023-02-03 18:19:28 +0900
Processing by UsersController#show as HTML
  Parameters: {"id"=>"1"}
  [1m[36mUser Load (0.2ms)[0m  [1m[34mSELECT "users".* FROM "users" WHERE "users"."id" = ? LIMIT ?[0m  [["id", 1], ["LIMIT", 1]]
  â†³ app/controllers/users_controller.rb:63:in `set_user'
  Rendering layout layouts/application.html.erb
  Rendering users/show.html.erb within layouts/application
  [1m[36mMicropost Load (0.1ms)[0m  [1m[34mSELECT "microposts".* FROM "microposts" WHERE "microposts"."user_id" = ?[0m  [["user_id", 1]]
  â†³ app/views/users/show.html.erb:3
  Rendered collection of microposts/_micropost.html.erb [2 times] (Duration: 0.3ms | Allocations: 251)
  Rendered users/show.html.erb within layouts/application (Duration: 2.3ms | Allocations: 1807)
  Rendered layout layouts/application.html.erb (Duration: 3.2ms | Allocations: 2798)
Completed 200 OK in 5ms (Views: 3.3ms | ActiveRecord: 0.2ms | Allocations: 3640)


Started GET "/users/1" for ::1 at 2023-02-03 18:19:57 +0900
Processing by UsersController#show as HTML
  Parameters: {"id"=>"1"}
  [1m[36mUser Load (0.2ms)[0m  [1m[34mSELECT "users".* FROM "users" WHERE "users"."id" = ? LIMIT ?[0m  [["id", 1], ["LIMIT", 1]]
  â†³ app/controllers/users_controller.rb:63:in `set_user'
  Rendering layout layouts/application.html.erb
  Rendering users/show.html.erb within layouts/application
  Rendered users/_user.html.erb (Duration: 0.5ms | Allocations: 176)
  [1m[36mMicropost Load (0.1ms)[0m  [1m[34mSELECT "microposts".* FROM "microposts" WHERE "microposts"."user_id" = ?[0m  [["user_id", 1]]
  â†³ app/views/users/show.html.erb:4
  Rendered collection of microposts/_micropost.html.erb [2 times] (Duration: 0.3ms | Allocations: 251)
  Rendered users/show.html.erb within layouts/application (Duration: 3.7ms | Allocations: 2428)
  Rendered layout layouts/application.html.erb (Duration: 4.8ms | Allocations: 3748)
Completed 200 OK in 10ms (Views: 6.1ms | ActiveRecord: 0.2ms | Allocations: 5043)


Started GET "/users/1" for ::1 at 2023-02-03 18:21:16 +0900
Processing by UsersController#show as HTML
  Parameters: {"id"=>"1"}
  [1m[36mUser Load (0.0ms)[0m  [1m[34mSELECT "users".* FROM "users" WHERE "users"."id" = ? LIMIT ?[0m  [["id", 1], ["LIMIT", 1]]
  â†³ app/controllers/users_controller.rb:63:in `set_user'
  Rendering layout layouts/application.html.erb
  Rendering users/show.html.erb within layouts/application
  Rendered users/_user.html.erb (Duration: 0.2ms | Allocations: 186)
  [1m[36mMicropost Load (0.0ms)[0m  [1m[34mSELECT "microposts".* FROM "microposts" WHERE "microposts"."user_id" = ?[0m  [["user_id", 1]]
  â†³ app/views/users/show.html.erb:4
  Rendered collection of microposts/_micropost.html.erb [2 times] (Duration: 0.3ms | Allocations: 304)
  Rendered users/show.html.erb within layouts/application (Duration: 6.0ms | Allocations: 6988)
  Rendered layout layouts/application.html.erb (Duration: 7.0ms | Allocations: 8306)
Completed 200 OK in 12ms (Views: 7.7ms | ActiveRecord: 0.9ms | Allocations: 13321)


Started GET "/microposts" for ::1 at 2023-02-03 18:21:23 +0900
Processing by MicropostsController#index as HTML
  Rendering layout layouts/application.html.erb
  Rendering microposts/index.html.erb within layouts/application
  [1m[36mMicropost Load (0.1ms)[0m  [1m[34mSELECT "microposts".* FROM "microposts"[0m
  â†³ app/views/microposts/index.html.erb:6
  Rendered microposts/_micropost.html.erb (Duration: 0.2ms | Allocations: 175)
  Rendered microposts/_micropost.html.erb (Duration: 0.0ms | Allocations: 18)
  Rendered microposts/_micropost.html.erb (Duration: 0.0ms | Allocations: 20)
  Rendered microposts/index.html.erb within layouts/application (Duration: 1.7ms | Allocations: 1853)
  Rendered layout layouts/application.html.erb (Duration: 2.9ms | Allocations: 3046)
Completed 200 OK in 5ms (Views: 3.8ms | ActiveRecord: 0.1ms | Allocations: 3894)


Started GET "/microposts/new" for ::1 at 2023-02-03 18:21:26 +0900
Processing by MicropostsController#new as HTML
  Rendering layout layouts/application.html.erb
  Rendering microposts/new.html.erb within layouts/application
  Rendered microposts/_form.html.erb (Duration: 4.3ms | Allocations: 1445)
  Rendered microposts/new.html.erb within layouts/application (Duration: 6.1ms | Allocations: 1722)
  Rendered layout layouts/application.html.erb (Duration: 8.3ms | Allocations: 2721)
Completed 200 OK in 10ms (Views: 8.9ms | ActiveRecord: 0.0ms | Allocations: 3080)


Started POST "/microposts" for ::1 at 2023-02-03 18:21:28 +0900
Processing by MicropostsController#create as HTML
  Parameters: {"authenticity_token"=>"[FILTERED]", "micropost"=>{"content"=>"", "user_id"=>""}, "commit"=>"Create Micropost"}
  Rendering layout layouts/application.html.erb
  Rendering microposts/new.html.erb within layouts/application
  Rendered microposts/_form.html.erb (Duration: 3.1ms | Allocations: 2310)
  Rendered microposts/new.html.erb within layouts/application (Duration: 3.3ms | Allocations: 2397)
  Rendered layout layouts/application.html.erb (Duration: 4.3ms | Allocations: 3388)
Completed 422 Unprocessable Entity in 8ms (Views: 4.9ms | ActiveRecord: 0.0ms | Allocations: 4629)


Started GET "/users" for ::1 at 2023-02-03 18:22:30 +0900
Processing by UsersController#index as HTML
Completed 500 Internal Server Error in 7ms (Allocations: 6032)


  
NameError (undefined local variable or method `email' for User:Class):
  
app/models/user.rb:4:in `<class:User>'
app/models/user.rb:1:in `<main>'
app/controllers/users_controller.rb:6:in `index'
Started GET "/" for ::1 at 2023-02-03 18:22:33 +0900
Processing by UsersController#index as HTML
Completed 500 Internal Server Error in 15ms (Allocations: 5291)


  
NameError (undefined local variable or method `email' for User:Class):
  
app/models/user.rb:4:in `<class:User>'
app/models/user.rb:1:in `<main>'
app/controllers/users_controller.rb:6:in `index'
Started GET "/" for ::1 at 2023-02-03 18:22:41 +0900
Processing by UsersController#index as HTML
Completed 500 Internal Server Error in 1ms (Allocations: 905)


  
SyntaxError (/Users/taketo.wakabayashi/Workspace/repo/til/202301_ruby-on-rails/toy_app/app/models/user.rb:4: syntax error, unexpected local variable or method, expecting `do' or '{' or '('
    validates email, presence: true
              ^~~~~
):
  
app/models/user.rb:4: syntax error, unexpected local variable or method, expecting `do' or '{' or '('
app/models/user.rb:4: syntax error, unexpected local variable or method, expecting `do' or '{' or '('
app/models/user.rb:4: syntax error, unexpected local variable or method, expecting `do' or '{' or '('
app/controllers/users_controller.rb:6:in `index'
Started GET "/" for ::1 at 2023-02-03 18:23:00 +0900
Processing by UsersController#index as HTML
Completed 500 Internal Server Error in 1ms (Allocations: 862)


  
SyntaxError (/Users/taketo.wakabayashi/Workspace/repo/til/202301_ruby-on-rails/toy_app/app/models/user.rb:3: syntax error, unexpected local variable or method, expecting `do' or '{' or '('
    validates name, presence: true,
              ^~~~
/Users/taketo.wakabayashi/Workspace/repo/til/202301_ruby-on-rails/toy_app/app/models/user.rb:3: Can't assign to true
... validates name, presence: true,
...                           ^~~~
/Users/taketo.wakabayashi/Workspace/repo/til/202301_ruby-on-rails/toy_app/app/models/user.rb:4: syntax error, unexpected local variable or method, expecting `do' or '{' or '('
    validates email, presence: true
              ^~~~~
):
  
app/models/user.rb:3: syntax error, unexpected local variable or method, expecting `do' or '{' or '('
app/models/user.rb:3: Can't assign to true
app/models/user.rb:4: syntax error, unexpected local variable or method, expecting `do' or '{' or '('
app/models/user.rb:3: syntax error, unexpected local variable or method, expecting `do' or '{' or '('
app/models/user.rb:3: Can't assign to true
app/models/user.rb:4: syntax error, unexpected local variable or method, expecting `do' or '{' or '('
app/models/user.rb:3: syntax error, unexpected local variable or method, expecting `do' or '{' or '('
app/models/user.rb:3: Can't assign to true
app/models/user.rb:4: syntax error, unexpected local variable or method, expecting `do' or '{' or '('
app/controllers/users_controller.rb:6:in `index'
Started GET "/" for ::1 at 2023-02-03 18:23:21 +0900
Processing by UsersController#index as HTML
Completed 500 Internal Server Error in 6ms (Allocations: 6045)


  
NameError (undefined local variable or method `email' for User:Class):
  
app/models/user.rb:4:in `<class:User>'
app/models/user.rb:1:in `<main>'
app/controllers/users_controller.rb:6:in `index'
Started GET "/" for ::1 at 2023-02-03 18:24:38 +0900
Processing by UsersController#index as HTML
Completed 500 Internal Server Error in 6ms (Allocations: 6009)


  
NameError (undefined local variable or method `email' for User:Class):
  
app/models/user.rb:4:in `<class:User>'
app/models/user.rb:1:in `<main>'
app/controllers/users_controller.rb:6:in `index'
Started GET "/" for ::1 at 2023-02-03 18:25:20 +0900
Processing by UsersController#index as HTML
  Rendering layout layouts/application.html.erb
  Rendering users/index.html.erb within layouts/application
  [1m[36mUser Load (0.0ms)[0m  [1m[34mSELECT "users".* FROM "users"[0m
  â†³ app/views/users/index.html.erb:6
  Rendered users/_user.html.erb (Duration: 0.0ms | Allocations: 43)
  Rendered users/index.html.erb within layouts/application (Duration: 2.9ms | Allocations: 3215)
  Rendered layout layouts/application.html.erb (Duration: 4.0ms | Allocations: 4409)
Completed 200 OK in 7ms (Views: 4.6ms | ActiveRecord: 0.5ms | Allocations: 6271)


Started GET "/users/1" for ::1 at 2023-02-03 18:25:22 +0900
Processing by UsersController#show as HTML
  Parameters: {"id"=>"1"}
  [1m[36mUser Load (0.2ms)[0m  [1m[34mSELECT "users".* FROM "users" WHERE "users"."id" = ? LIMIT ?[0m  [["id", 1], ["LIMIT", 1]]
  â†³ app/controllers/users_controller.rb:63:in `set_user'
  Rendering layout layouts/application.html.erb
  Rendering users/show.html.erb within layouts/application
  Rendered users/_user.html.erb (Duration: 0.0ms | Allocations: 20)
  [1m[36mMicropost Load (0.1ms)[0m  [1m[34mSELECT "microposts".* FROM "microposts" WHERE "microposts"."user_id" = ?[0m  [["user_id", 1]]
  â†³ app/views/users/show.html.erb:4
  Rendered collection of microposts/_micropost.html.erb [2 times] (Duration: 0.1ms | Allocations: 136)
  Rendered users/show.html.erb within layouts/application (Duration: 4.9ms | Allocations: 5993)
  Rendered layout layouts/application.html.erb (Duration: 6.1ms | Allocations: 7084)
Completed 200 OK in 9ms (Views: 6.1ms | ActiveRecord: 0.5ms | Allocations: 8502)


Started GET "/users/new" for ::1 at 2023-02-03 18:25:27 +0900
Processing by UsersController#new as HTML
  Rendering layout layouts/application.html.erb
  Rendering users/new.html.erb within layouts/application
  Rendered users/_form.html.erb (Duration: 4.0ms | Allocations: 1478)
  Rendered users/new.html.erb within layouts/application (Duration: 6.8ms | Allocations: 1774)
  Rendered layout layouts/application.html.erb (Duration: 7.7ms | Allocations: 2775)
Completed 200 OK in 10ms (Views: 8.2ms | ActiveRecord: 0.0ms | Allocations: 3154)


Started GET "/users/1" for ::1 at 2023-02-03 18:25:59 +0900
Processing by UsersController#show as HTML
  Parameters: {"id"=>"1"}
  [1m[36mUser Load (0.0ms)[0m  [1m[34mSELECT "users".* FROM "users" WHERE "users"."id" = ? LIMIT ?[0m  [["id", 1], ["LIMIT", 1]]
  â†³ app/controllers/users_controller.rb:63:in `set_user'
  Rendering layout layouts/application.html.erb
  Rendering users/show.html.erb within layouts/application
  Rendered users/_user.html.erb (Duration: 0.0ms | Allocations: 43)
  [1m[36mMicropost Load (0.0ms)[0m  [1m[34mSELECT "microposts".* FROM "microposts" WHERE "microposts"."user_id" = ?[0m  [["user_id", 1]]
  â†³ app/views/users/show.html.erb:4
  Rendered collection of microposts/_micropost.html.erb [2 times] (Duration: 0.1ms | Allocations: 136)
  Rendered users/show.html.erb within layouts/application (Duration: 4.1ms | Allocations: 6232)
  Rendered layout layouts/application.html.erb (Duration: 4.9ms | Allocations: 7382)
Completed 200 OK in 10ms (Views: 5.2ms | ActiveRecord: 0.7ms | Allocations: 12059)


Started GET "/users" for ::1 at 2023-02-03 18:26:01 +0900
Processing by UsersController#index as HTML
  Rendering layout layouts/application.html.erb
  Rendering users/index.html.erb within layouts/application
  [1m[36mUser Load (0.4ms)[0m  [1m[34mSELECT "users".* FROM "users"[0m
  â†³ app/views/users/index.html.erb:6
  Rendered users/_user.html.erb (Duration: 0.0ms | Allocations: 20)
  Rendered users/index.html.erb within layouts/application (Duration: 2.3ms | Allocations: 964)
  Rendered layout layouts/application.html.erb (Duration: 3.3ms | Allocations: 1965)
Completed 200 OK in 5ms (Views: 3.4ms | ActiveRecord: 0.4ms | Allocations: 2261)


Started GET "/users/1" for ::1 at 2023-02-03 18:26:02 +0900
Processing by UsersController#show as HTML
  Parameters: {"id"=>"1"}
  [1m[36mUser Load (0.1ms)[0m  [1m[34mSELECT "users".* FROM "users" WHERE "users"."id" = ? LIMIT ?[0m  [["id", 1], ["LIMIT", 1]]
  â†³ app/controllers/users_controller.rb:63:in `set_user'
  Rendering layout layouts/application.html.erb
  Rendering users/show.html.erb within layouts/application
  Rendered users/_user.html.erb (Duration: 0.1ms | Allocations: 20)
  [1m[36mMicropost Load (0.1ms)[0m  [1m[34mSELECT "microposts".* FROM "microposts" WHERE "microposts"."user_id" = ?[0m  [["user_id", 1]]
  â†³ app/views/users/show.html.erb:4
  Rendered collection of microposts/_micropost.html.erb [2 times] (Duration: 0.1ms | Allocations: 102)
  Rendered users/show.html.erb within layouts/application (Duration: 2.0ms | Allocations: 1452)
  Rendered layout layouts/application.html.erb (Duration: 2.8ms | Allocations: 2443)
Completed 200 OK in 4ms (Views: 3.1ms | ActiveRecord: 0.2ms | Allocations: 3172)


Started GET "/users" for ::1 at 2023-02-03 18:26:13 +0900
Processing by UsersController#index as HTML
Completed 500 Internal Server Error in 6ms (Allocations: 6038)


  
NameError (undefined local variable or method `email' for User:Class):
  
app/models/user.rb:4:in `<class:User>'
app/models/user.rb:1:in `<main>'
app/controllers/users_controller.rb:6:in `index'
Started GET "/users" for ::1 at 2023-02-03 18:27:24 +0900
Processing by UsersController#index as HTML
  Rendering layout layouts/application.html.erb
  Rendering users/index.html.erb within layouts/application
  [1m[36mUser Load (0.0ms)[0m  [1m[34mSELECT "users".* FROM "users"[0m
  â†³ app/views/users/index.html.erb:6
  Rendered users/_user.html.erb (Duration: 0.4ms | Allocations: 43)
  Rendered users/index.html.erb within layouts/application (Duration: 3.1ms | Allocations: 2984)
  Rendered layout layouts/application.html.erb (Duration: 4.1ms | Allocations: 4178)
Completed 200 OK in 6ms (Views: 4.6ms | ActiveRecord: 0.5ms | Allocations: 5999)


Started GET "/users/1" for ::1 at 2023-02-03 18:27:25 +0900
Processing by UsersController#show as HTML
  Parameters: {"id"=>"1"}
  [1m[36mUser Load (0.8ms)[0m  [1m[34mSELECT "users".* FROM "users" WHERE "users"."id" = ? LIMIT ?[0m  [["id", 1], ["LIMIT", 1]]
  â†³ app/controllers/users_controller.rb:63:in `set_user'
  Rendering layout layouts/application.html.erb
  Rendering users/show.html.erb within layouts/application
  Rendered users/_user.html.erb (Duration: 0.1ms | Allocations: 20)
  [1m[36mMicropost Load (0.1ms)[0m  [1m[34mSELECT "microposts".* FROM "microposts" WHERE "microposts"."user_id" = ?[0m  [["user_id", 1]]
  â†³ app/views/users/show.html.erb:4
  Rendered collection of microposts/_micropost.html.erb [2 times] (Duration: 0.1ms | Allocations: 136)
  Rendered users/show.html.erb within layouts/application (Duration: 8.1ms | Allocations: 6020)
  Rendered layout layouts/application.html.erb (Duration: 9.1ms | Allocations: 7111)
Completed 200 OK in 13ms (Views: 9.0ms | ActiveRecord: 1.2ms | Allocations: 8529)


Started GET "/users/1" for ::1 at 2023-02-03 18:30:01 +0900
Processing by UsersController#show as HTML
  Parameters: {"id"=>"1"}
  [1m[36mUser Load (0.2ms)[0m  [1m[34mSELECT "users".* FROM "users" WHERE "users"."id" = ? LIMIT ?[0m  [["id", 1], ["LIMIT", 1]]
  â†³ app/controllers/users_controller.rb:63:in `set_user'
  Rendering layout layouts/application.html.erb
  Rendering users/show.html.erb within layouts/application
  Rendered users/_user.html.erb (Duration: 0.0ms | Allocations: 43)
  [1m[36mMicropost Load (0.0ms)[0m  [1m[34mSELECT "microposts".* FROM "microposts" WHERE "microposts"."user_id" = ?[0m  [["user_id", 1]]
  â†³ app/views/users/show.html.erb:4
  Rendered collection of microposts/_micropost.html.erb [2 times] (Duration: 0.1ms | Allocations: 136)
  Rendered users/show.html.erb within layouts/application (Duration: 4.0ms | Allocations: 6226)
  Rendered layout layouts/application.html.erb (Duration: 4.9ms | Allocations: 7382)
Completed 200 OK in 10ms (Views: 5.2ms | ActiveRecord: 0.9ms | Allocations: 12133)


Started GET "/users" for ::1 at 2023-02-03 18:30:03 +0900
Processing by UsersController#index as HTML
  Rendering layout layouts/application.html.erb
  Rendering users/index.html.erb within layouts/application
  [1m[36mUser Load (0.3ms)[0m  [1m[34mSELECT "users".* FROM "users"[0m
  â†³ app/views/users/index.html.erb:6
  Rendered users/_user.html.erb (Duration: 0.1ms | Allocations: 20)
  Rendered users/index.html.erb within layouts/application (Duration: 2.8ms | Allocations: 961)
  Rendered layout layouts/application.html.erb (Duration: 6.4ms | Allocations: 1962)
Completed 200 OK in 8ms (Views: 6.8ms | ActiveRecord: 0.3ms | Allocations: 2258)


